<?xml version="1.0" encoding="UTF-8"?>
<testng-results skipped="0" failed="0" ignored="0" total="1" passed="1">
  <reporter-output>
  </reporter-output>
  <suite name="Default suite" duration-ms="10285" started-at="2019-08-06T02:23:11Z" finished-at="2019-08-06T02:23:21Z">
    <groups>
    </groups>
    <test name="Default test" duration-ms="10285" started-at="2019-08-06T02:23:11Z" finished-at="2019-08-06T02:23:21Z">
      <class name="herokuapp.WebDriverWaitDemo">
        <test-method status="PASS" signature="setUp()[pri:0, instance:herokuapp.WebDriverWaitDemo@55f3ddb1]" name="setUp" is-config="true" duration-ms="3400" started-at="2019-08-06T02:23:11Z" finished-at="2019-08-06T02:23:14Z">
          <reporter-output>
          </reporter-output>
        </test-method> <!-- setUp -->
        <test-method status="PASS" signature="deneme()[pri:0, instance:herokuapp.WebDriverWaitDemo@55f3ddb1]" name="deneme" duration-ms="5238" started-at="2019-08-06T02:23:14Z" finished-at="2019-08-06T02:23:19Z">
          <reporter-output>
          </reporter-output>
        </test-method> <!-- deneme -->
        <test-method status="PASS" signature="tearDown()[pri:0, instance:herokuapp.WebDriverWaitDemo@55f3ddb1]" name="tearDown" is-config="true" duration-ms="1628" started-at="2019-08-06T02:23:19Z" finished-at="2019-08-06T02:23:21Z">
          <reporter-output>
          </reporter-output>
        </test-method> <!-- tearDown -->
      </class> <!-- herokuapp.WebDriverWaitDemo -->
    </test> <!-- Default test -->
  </suite> <!-- Default suite -->
</testng-results>
