<?xml version="1.0" encoding="UTF-8"?>
<testng-results skipped="0" failed="0" ignored="0" total="1" passed="1">
  <reporter-output>
  </reporter-output>
  <suite name="Default suite" duration-ms="4642" started-at="2019-07-21T21:40:47Z" finished-at="2019-07-21T21:40:52Z">
    <groups>
    </groups>
    <test name="Default test" duration-ms="4642" started-at="2019-07-21T21:40:47Z" finished-at="2019-07-21T21:40:52Z">
      <class name="MultipleWindows">
        <test-method status="PASS" signature="setUp()[pri:0, instance:MultipleWindows@14acaea5]" name="setUp" is-config="true" duration-ms="1734" started-at="2019-07-21T21:40:47Z" finished-at="2019-07-21T21:40:49Z">
          <reporter-output>
          </reporter-output>
        </test-method> <!-- setUp -->
        <test-method status="PASS" signature="switchFrame()[pri:0, instance:MultipleWindows@14acaea5]" name="switchFrame" duration-ms="2886" started-at="2019-07-21T21:40:49Z" finished-at="2019-07-21T21:40:52Z">
          <reporter-output>
          </reporter-output>
        </test-method> <!-- switchFrame -->
      </class> <!-- MultipleWindows -->
    </test> <!-- Default test -->
  </suite> <!-- Default suite -->
</testng-results>
